mode: set
github.com/GSA/grace-circleci-builder/main.go:33.159,39.16 2 1
github.com/GSA/grace-circleci-builder/main.go:42.2,42.138 1 1
github.com/GSA/grace-circleci-builder/main.go:39.16,41.3 1 0
github.com/GSA/grace-circleci-builder/main.go:45.13,47.21 2 0
github.com/GSA/grace-circleci-builder/main.go:50.2,56.29 6 0
github.com/GSA/grace-circleci-builder/main.go:59.2,59.24 1 0
github.com/GSA/grace-circleci-builder/main.go:63.2,64.16 2 0
github.com/GSA/grace-circleci-builder/main.go:68.2,70.16 3 0
github.com/GSA/grace-circleci-builder/main.go:47.21,49.3 1 0
github.com/GSA/grace-circleci-builder/main.go:56.29,58.3 1 0
github.com/GSA/grace-circleci-builder/main.go:59.24,61.3 1 0
github.com/GSA/grace-circleci-builder/main.go:64.16,66.3 1 0
github.com/GSA/grace-circleci-builder/main.go:70.16,72.3 1 0
github.com/GSA/grace-circleci-builder/main.go:76.117,79.32 1 1
github.com/GSA/grace-circleci-builder/main.go:126.2,126.12 1 1
github.com/GSA/grace-circleci-builder/main.go:79.32,80.50 1 1
github.com/GSA/grace-circleci-builder/main.go:84.3,85.17 2 1
github.com/GSA/grace-circleci-builder/main.go:88.3,90.17 3 1
github.com/GSA/grace-circleci-builder/main.go:94.3,96.80 3 1
github.com/GSA/grace-circleci-builder/main.go:99.3,99.17 1 1
github.com/GSA/grace-circleci-builder/main.go:102.3,107.14 2 1
github.com/GSA/grace-circleci-builder/main.go:119.3,121.17 3 1
github.com/GSA/grace-circleci-builder/main.go:124.3,124.80 1 1
github.com/GSA/grace-circleci-builder/main.go:80.50,82.12 2 0
github.com/GSA/grace-circleci-builder/main.go:85.17,87.4 1 0
github.com/GSA/grace-circleci-builder/main.go:90.17,92.4 1 0
github.com/GSA/grace-circleci-builder/main.go:96.80,98.4 1 0
github.com/GSA/grace-circleci-builder/main.go:99.17,101.4 1 0
github.com/GSA/grace-circleci-builder/main.go:107.14,111.18 4 1
github.com/GSA/grace-circleci-builder/main.go:114.4,114.12 1 1
github.com/GSA/grace-circleci-builder/main.go:111.18,113.5 1 0
github.com/GSA/grace-circleci-builder/main.go:114.12,116.13 2 0
github.com/GSA/grace-circleci-builder/main.go:121.17,123.4 1 0
github.com/GSA/grace-circleci-builder/main.go:129.141,133.16 2 1
github.com/GSA/grace-circleci-builder/main.go:136.2,139.35 3 1
github.com/GSA/grace-circleci-builder/main.go:157.2,157.24 1 1
github.com/GSA/grace-circleci-builder/main.go:167.2,167.19 1 0
github.com/GSA/grace-circleci-builder/main.go:133.16,135.3 1 0
github.com/GSA/grace-circleci-builder/main.go:139.35,141.25 1 1
github.com/GSA/grace-circleci-builder/main.go:146.3,146.25 1 1
github.com/GSA/grace-circleci-builder/main.go:152.3,152.38 1 0
github.com/GSA/grace-circleci-builder/main.go:141.25,142.12 1 0
github.com/GSA/grace-circleci-builder/main.go:146.25,148.12 2 1
github.com/GSA/grace-circleci-builder/main.go:152.38,154.4 1 0
github.com/GSA/grace-circleci-builder/main.go:157.24,159.21 1 1
github.com/GSA/grace-circleci-builder/main.go:163.3,165.44 2 1
github.com/GSA/grace-circleci-builder/main.go:159.21,161.4 1 1
github.com/GSA/grace-circleci-builder/main.go:170.62,172.64 2 1
github.com/GSA/grace-circleci-builder/main.go:175.2,176.16 2 1
github.com/GSA/grace-circleci-builder/main.go:179.2,180.8 2 1
github.com/GSA/grace-circleci-builder/main.go:172.64,174.3 1 1
github.com/GSA/grace-circleci-builder/main.go:176.16,178.3 1 0
github.com/GSA/grace-circleci-builder/circleci/circleci.go:30.38,32.2 1 0
github.com/GSA/grace-circleci-builder/circleci/circleci.go:35.75,36.50 1 1
github.com/GSA/grace-circleci-builder/circleci/circleci.go:43.2,43.8 1 1
github.com/GSA/grace-circleci-builder/circleci/circleci.go:36.50,38.17 2 1
github.com/GSA/grace-circleci-builder/circleci/circleci.go:41.3,41.56 1 1
github.com/GSA/grace-circleci-builder/circleci/circleci.go:38.17,40.4 1 1
github.com/GSA/grace-circleci-builder/circleci/circleci.go:46.65,48.16 2 1
github.com/GSA/grace-circleci-builder/circleci/circleci.go:48.16,50.3 1 0
github.com/GSA/grace-circleci-builder/circleci/circleci.go:64.59,66.19 2 1
github.com/GSA/grace-circleci-builder/circleci/circleci.go:69.2,72.10 3 1
github.com/GSA/grace-circleci-builder/circleci/circleci.go:66.19,68.3 1 1
github.com/GSA/grace-circleci-builder/circleci/circleci.go:77.117,78.19 1 1
github.com/GSA/grace-circleci-builder/circleci/circleci.go:81.2,86.16 4 1
github.com/GSA/grace-circleci-builder/circleci/circleci.go:90.2,90.18 1 1
github.com/GSA/grace-circleci-builder/circleci/circleci.go:99.2,103.16 4 1
github.com/GSA/grace-circleci-builder/circleci/circleci.go:106.2,106.15 1 1
github.com/GSA/grace-circleci-builder/circleci/circleci.go:113.2,113.53 1 1
github.com/GSA/grace-circleci-builder/circleci/circleci.go:117.2,118.16 2 1
github.com/GSA/grace-circleci-builder/circleci/circleci.go:125.2,125.12 1 1
github.com/GSA/grace-circleci-builder/circleci/circleci.go:78.19,80.3 1 1
github.com/GSA/grace-circleci-builder/circleci/circleci.go:86.16,88.3 1 0
github.com/GSA/grace-circleci-builder/circleci/circleci.go:90.18,93.17 3 0
github.com/GSA/grace-circleci-builder/circleci/circleci.go:96.3,96.36 1 0
github.com/GSA/grace-circleci-builder/circleci/circleci.go:93.17,95.4 1 0
github.com/GSA/grace-circleci-builder/circleci/circleci.go:103.16,105.3 1 0
github.com/GSA/grace-circleci-builder/circleci/circleci.go:106.15,108.17 2 1
github.com/GSA/grace-circleci-builder/circleci/circleci.go:108.17,110.4 1 0
github.com/GSA/grace-circleci-builder/circleci/circleci.go:113.53,115.3 1 0
github.com/GSA/grace-circleci-builder/circleci/circleci.go:118.16,119.52 1 0
github.com/GSA/grace-circleci-builder/circleci/circleci.go:122.3,122.58 1 0
github.com/GSA/grace-circleci-builder/circleci/circleci.go:119.52,121.4 1 0
github.com/GSA/grace-circleci-builder/circleci/circleci.go:143.78,144.51 1 1
github.com/GSA/grace-circleci-builder/circleci/circleci.go:147.2,147.63 1 1
github.com/GSA/grace-circleci-builder/circleci/circleci.go:150.2,150.57 1 1
github.com/GSA/grace-circleci-builder/circleci/circleci.go:153.2,153.13 1 1
github.com/GSA/grace-circleci-builder/circleci/circleci.go:144.51,146.3 1 0
github.com/GSA/grace-circleci-builder/circleci/circleci.go:147.63,149.3 1 1
github.com/GSA/grace-circleci-builder/circleci/circleci.go:150.57,152.3 1 1
github.com/GSA/grace-circleci-builder/circleci/circleci.go:157.47,159.2 1 0
github.com/GSA/grace-circleci-builder/circleci/circleci.go:171.45,173.2 1 1
github.com/GSA/grace-circleci-builder/circleci/circleci.go:178.149,180.37 2 1
github.com/GSA/grace-circleci-builder/circleci/circleci.go:188.2,188.16 1 1
github.com/GSA/grace-circleci-builder/circleci/circleci.go:191.2,191.26 1 1
github.com/GSA/grace-circleci-builder/circleci/circleci.go:201.2,203.87 3 1
github.com/GSA/grace-circleci-builder/circleci/circleci.go:218.2,218.16 1 1
github.com/GSA/grace-circleci-builder/circleci/circleci.go:221.2,221.21 1 0
github.com/GSA/grace-circleci-builder/circleci/circleci.go:180.37,183.17 3 1
github.com/GSA/grace-circleci-builder/circleci/circleci.go:186.3,186.13 1 1
github.com/GSA/grace-circleci-builder/circleci/circleci.go:183.17,185.4 1 0
github.com/GSA/grace-circleci-builder/circleci/circleci.go:188.16,190.3 1 0
github.com/GSA/grace-circleci-builder/circleci/circleci.go:191.26,193.3 1 1
github.com/GSA/grace-circleci-builder/circleci/circleci.go:203.87,204.20 1 1
github.com/GSA/grace-circleci-builder/circleci/circleci.go:207.3,208.17 2 1
github.com/GSA/grace-circleci-builder/circleci/circleci.go:216.3,216.19 1 0
github.com/GSA/grace-circleci-builder/circleci/circleci.go:204.20,206.4 1 1
github.com/GSA/grace-circleci-builder/circleci/circleci.go:208.17,209.48 1 1
github.com/GSA/grace-circleci-builder/circleci/circleci.go:214.4,214.21 1 0
github.com/GSA/grace-circleci-builder/circleci/circleci.go:209.48,211.5 1 1
github.com/GSA/grace-circleci-builder/circleci/circleci.go:218.16,220.3 1 1
github.com/GSA/grace-circleci-builder/circleci/circleci.go:230.47,232.2 1 0
github.com/GSA/grace-circleci-builder/circleci/circleci.go:240.47,242.2 1 1
github.com/GSA/grace-circleci-builder/circleci/circleci.go:247.95,249.6 2 1
github.com/GSA/grace-circleci-builder/circleci/circleci.go:249.6,250.32 1 1
github.com/GSA/grace-circleci-builder/circleci/circleci.go:253.3,255.17 3 1
github.com/GSA/grace-circleci-builder/circleci/circleci.go:258.3,258.11 1 1
github.com/GSA/grace-circleci-builder/circleci/circleci.go:261.3,261.10 1 1
github.com/GSA/grace-circleci-builder/circleci/circleci.go:250.32,252.4 1 1
github.com/GSA/grace-circleci-builder/circleci/circleci.go:255.17,257.4 1 0
github.com/GSA/grace-circleci-builder/circleci/circleci.go:258.11,260.4 1 1
github.com/GSA/grace-circleci-builder/circleci/circleci.go:267.143,269.16 2 1
github.com/GSA/grace-circleci-builder/circleci/circleci.go:275.2,276.16 2 1
github.com/GSA/grace-circleci-builder/circleci/circleci.go:279.2,279.36 1 1
github.com/GSA/grace-circleci-builder/circleci/circleci.go:289.2,289.109 1 1
github.com/GSA/grace-circleci-builder/circleci/circleci.go:269.16,271.3 1 0
github.com/GSA/grace-circleci-builder/circleci/circleci.go:276.16,278.3 1 0
github.com/GSA/grace-circleci-builder/circleci/circleci.go:279.36,280.30 1 1
github.com/GSA/grace-circleci-builder/circleci/circleci.go:283.3,285.36 1 1
github.com/GSA/grace-circleci-builder/circleci/circleci.go:280.30,281.12 1 0
github.com/GSA/grace-circleci-builder/circleci/circleci.go:285.36,287.4 1 0
github.com/GSA/grace-circleci-builder/circleci/circleci.go:303.29,305.6 2 1
github.com/GSA/grace-circleci-builder/circleci/circleci.go:305.6,307.17 2 1
github.com/GSA/grace-circleci-builder/circleci/circleci.go:310.3,310.20 1 1
github.com/GSA/grace-circleci-builder/circleci/circleci.go:317.3,317.28 1 1
github.com/GSA/grace-circleci-builder/circleci/circleci.go:320.3,321.17 2 1
github.com/GSA/grace-circleci-builder/circleci/circleci.go:330.3,330.24 1 1
github.com/GSA/grace-circleci-builder/circleci/circleci.go:307.17,309.4 1 1
github.com/GSA/grace-circleci-builder/circleci/circleci.go:310.20,311.22 1 1
github.com/GSA/grace-circleci-builder/circleci/circleci.go:315.4,315.73 1 1
github.com/GSA/grace-circleci-builder/circleci/circleci.go:311.22,314.5 2 0
github.com/GSA/grace-circleci-builder/circleci/circleci.go:317.28,319.4 1 1
github.com/GSA/grace-circleci-builder/circleci/circleci.go:321.17,322.48 1 1
github.com/GSA/grace-circleci-builder/circleci/circleci.go:328.4,328.14 1 0
github.com/GSA/grace-circleci-builder/circleci/circleci.go:322.48,327.5 1 1
github.com/GSA/grace-circleci-builder/circleci/circleci.go:337.172,340.16 3 1
github.com/GSA/grace-circleci-builder/circleci/circleci.go:343.2,343.87 1 1
github.com/GSA/grace-circleci-builder/circleci/circleci.go:366.2,366.16 1 1
github.com/GSA/grace-circleci-builder/circleci/circleci.go:369.2,369.21 1 1
github.com/GSA/grace-circleci-builder/circleci/circleci.go:340.16,342.3 1 0
github.com/GSA/grace-circleci-builder/circleci/circleci.go:343.87,344.20 1 1
github.com/GSA/grace-circleci-builder/circleci/circleci.go:347.3,349.17 3 1
github.com/GSA/grace-circleci-builder/circleci/circleci.go:354.3,354.31 1 1
github.com/GSA/grace-circleci-builder/circleci/circleci.go:364.3,364.20 1 1
github.com/GSA/grace-circleci-builder/circleci/circleci.go:344.20,346.4 1 1
github.com/GSA/grace-circleci-builder/circleci/circleci.go:349.17,352.4 1 0
github.com/GSA/grace-circleci-builder/circleci/circleci.go:354.31,359.41 1 1
github.com/GSA/grace-circleci-builder/circleci/circleci.go:359.41,362.5 2 1
github.com/GSA/grace-circleci-builder/circleci/circleci.go:366.16,368.3 1 1
github.com/GSA/grace-circleci-builder/circleci/circleci.go:375.123,380.6 2 1
github.com/GSA/grace-circleci-builder/circleci/circleci.go:380.6,381.32 1 1
github.com/GSA/grace-circleci-builder/circleci/circleci.go:384.3,384.20 1 1
github.com/GSA/grace-circleci-builder/circleci/circleci.go:387.3,389.17 3 1
github.com/GSA/grace-circleci-builder/circleci/circleci.go:396.3,396.43 1 1
github.com/GSA/grace-circleci-builder/circleci/circleci.go:399.3,399.10 1 1
github.com/GSA/grace-circleci-builder/circleci/circleci.go:381.32,383.4 1 1
github.com/GSA/grace-circleci-builder/circleci/circleci.go:384.20,386.4 1 1
github.com/GSA/grace-circleci-builder/circleci/circleci.go:389.17,392.12 2 0
github.com/GSA/grace-circleci-builder/circleci/circleci.go:396.43,398.4 1 1
github.com/GSA/grace-circleci-builder/circleci/circleci.go:454.124,456.18 2 1
github.com/GSA/grace-circleci-builder/circleci/circleci.go:467.2,468.37 2 1
github.com/GSA/grace-circleci-builder/circleci/circleci.go:476.2,476.16 1 1
github.com/GSA/grace-circleci-builder/circleci/circleci.go:479.2,479.20 1 1
github.com/GSA/grace-circleci-builder/circleci/circleci.go:456.18,457.22 1 1
github.com/GSA/grace-circleci-builder/circleci/circleci.go:460.3,460.23 1 1
github.com/GSA/grace-circleci-builder/circleci/circleci.go:463.3,463.28 1 1
github.com/GSA/grace-circleci-builder/circleci/circleci.go:457.22,459.4 1 1
github.com/GSA/grace-circleci-builder/circleci/circleci.go:460.23,462.4 1 1
github.com/GSA/grace-circleci-builder/circleci/circleci.go:463.28,465.4 1 1
github.com/GSA/grace-circleci-builder/circleci/circleci.go:468.37,471.17 3 1
github.com/GSA/grace-circleci-builder/circleci/circleci.go:474.3,474.13 1 1
github.com/GSA/grace-circleci-builder/circleci/circleci.go:471.17,473.4 1 1
github.com/GSA/grace-circleci-builder/circleci/circleci.go:476.16,478.3 1 1
github.com/GSA/grace-circleci-builder/circleci/circleci.go:484.130,490.16 3 0
github.com/GSA/grace-circleci-builder/circleci/circleci.go:493.2,495.98 2 0
github.com/GSA/grace-circleci-builder/circleci/circleci.go:513.2,513.20 1 0
github.com/GSA/grace-circleci-builder/circleci/circleci.go:490.16,492.3 1 0
github.com/GSA/grace-circleci-builder/circleci/circleci.go:495.98,497.17 2 0
github.com/GSA/grace-circleci-builder/circleci/circleci.go:500.3,502.34 2 0
github.com/GSA/grace-circleci-builder/circleci/circleci.go:497.17,499.4 1 0
github.com/GSA/grace-circleci-builder/circleci/circleci.go:502.34,506.41 1 0
github.com/GSA/grace-circleci-builder/circleci/circleci.go:506.41,510.5 1 0
github.com/GSA/grace-circleci-builder/circleci/circleci.go:521.118,523.26 2 0
github.com/GSA/grace-circleci-builder/circleci/circleci.go:542.2,542.30 1 0
github.com/GSA/grace-circleci-builder/circleci/circleci.go:558.2,558.15 1 0
github.com/GSA/grace-circleci-builder/circleci/circleci.go:523.26,529.24 2 0
github.com/GSA/grace-circleci-builder/circleci/circleci.go:533.3,533.64 1 0
github.com/GSA/grace-circleci-builder/circleci/circleci.go:538.3,538.54 1 0
github.com/GSA/grace-circleci-builder/circleci/circleci.go:529.24,530.12 1 0
github.com/GSA/grace-circleci-builder/circleci/circleci.go:533.64,535.12 2 0
github.com/GSA/grace-circleci-builder/circleci/circleci.go:538.54,540.4 1 0
github.com/GSA/grace-circleci-builder/circleci/circleci.go:542.30,544.18 1 0
github.com/GSA/grace-circleci-builder/circleci/circleci.go:549.3,549.27 1 0
github.com/GSA/grace-circleci-builder/circleci/circleci.go:544.18,545.12 1 0
github.com/GSA/grace-circleci-builder/circleci/circleci.go:549.27,550.25 1 0
github.com/GSA/grace-circleci-builder/circleci/circleci.go:553.4,553.34 1 0
github.com/GSA/grace-circleci-builder/circleci/circleci.go:550.25,551.13 1 0
github.com/GSA/grace-circleci-builder/circleci/circleci.go:553.34,555.5 1 0
github.com/GSA/grace-circleci-builder/circleci/circleci.go:573.54,575.16 2 1
github.com/GSA/grace-circleci-builder/circleci/circleci.go:578.2,579.20 2 1
github.com/GSA/grace-circleci-builder/circleci/circleci.go:582.2,583.18 2 1
github.com/GSA/grace-circleci-builder/circleci/circleci.go:586.2,591.8 1 1
github.com/GSA/grace-circleci-builder/circleci/circleci.go:575.16,577.3 1 0
github.com/GSA/grace-circleci-builder/circleci/circleci.go:579.20,581.3 1 0
github.com/GSA/grace-circleci-builder/circleci/circleci.go:583.18,585.3 1 0
github.com/GSA/grace-circleci-builder/circleci/circleci.go:596.65,598.37 2 0
github.com/GSA/grace-circleci-builder/circleci/circleci.go:605.2,605.16 1 0
github.com/GSA/grace-circleci-builder/circleci/circleci.go:608.2,608.22 1 0
github.com/GSA/grace-circleci-builder/circleci/circleci.go:598.37,600.17 2 0
github.com/GSA/grace-circleci-builder/circleci/circleci.go:603.3,603.13 1 0
github.com/GSA/grace-circleci-builder/circleci/circleci.go:600.17,602.4 1 0
github.com/GSA/grace-circleci-builder/circleci/circleci.go:605.16,607.3 1 0
github.com/GSA/grace-circleci-builder/circleci/circleci.go:618.74,620.37 2 1
github.com/GSA/grace-circleci-builder/circleci/circleci.go:628.2,628.16 1 1
github.com/GSA/grace-circleci-builder/circleci/circleci.go:631.2,631.21 1 1
github.com/GSA/grace-circleci-builder/circleci/circleci.go:634.2,634.12 1 1
github.com/GSA/grace-circleci-builder/circleci/circleci.go:620.37,623.17 3 1
github.com/GSA/grace-circleci-builder/circleci/circleci.go:626.3,626.13 1 1
github.com/GSA/grace-circleci-builder/circleci/circleci.go:623.17,625.4 1 1
github.com/GSA/grace-circleci-builder/circleci/circleci.go:628.16,630.3 1 1
github.com/GSA/grace-circleci-builder/circleci/circleci.go:631.21,633.3 1 1
github.com/GSA/grace-circleci-builder/circleci/circleci.go:640.76,642.37 2 0
github.com/GSA/grace-circleci-builder/circleci/circleci.go:650.2,650.16 1 0
github.com/GSA/grace-circleci-builder/circleci/circleci.go:653.2,653.20 1 0
github.com/GSA/grace-circleci-builder/circleci/circleci.go:656.2,656.12 1 0
github.com/GSA/grace-circleci-builder/circleci/circleci.go:642.37,645.17 3 0
github.com/GSA/grace-circleci-builder/circleci/circleci.go:648.3,648.13 1 0
github.com/GSA/grace-circleci-builder/circleci/circleci.go:645.17,647.4 1 0
github.com/GSA/grace-circleci-builder/circleci/circleci.go:650.16,652.3 1 0
github.com/GSA/grace-circleci-builder/circleci/circleci.go:653.20,655.3 1 0
github.com/GSA/grace-circleci-builder/circleci/circleci.go:664.47,666.2 1 0
github.com/GSA/grace-circleci-builder/circleci/circleci.go:671.95,673.16 2 0
github.com/GSA/grace-circleci-builder/circleci/circleci.go:676.2,676.29 1 0
github.com/GSA/grace-circleci-builder/circleci/circleci.go:681.2,681.98 1 0
github.com/GSA/grace-circleci-builder/circleci/circleci.go:673.16,675.3 1 0
github.com/GSA/grace-circleci-builder/circleci/circleci.go:676.29,677.17 1 0
github.com/GSA/grace-circleci-builder/circleci/circleci.go:677.17,679.4 1 0
github.com/GSA/grace-circleci-builder/circleci/circleci.go:686.54,688.37 2 1
github.com/GSA/grace-circleci-builder/circleci/circleci.go:695.2,695.16 1 1
github.com/GSA/grace-circleci-builder/circleci/circleci.go:698.2,698.17 1 1
github.com/GSA/grace-circleci-builder/circleci/circleci.go:688.37,690.17 2 1
github.com/GSA/grace-circleci-builder/circleci/circleci.go:693.3,693.13 1 1
github.com/GSA/grace-circleci-builder/circleci/circleci.go:690.17,692.4 1 0
github.com/GSA/grace-circleci-builder/circleci/circleci.go:695.16,697.3 1 0
github.com/GSA/grace-circleci-builder/circleci/circleci.go:739.93,741.37 2 1
github.com/GSA/grace-circleci-builder/circleci/circleci.go:749.2,749.16 1 1
github.com/GSA/grace-circleci-builder/circleci/circleci.go:752.2,752.20 1 1
github.com/GSA/grace-circleci-builder/circleci/circleci.go:741.37,744.17 3 1
github.com/GSA/grace-circleci-builder/circleci/circleci.go:747.3,747.13 1 1
github.com/GSA/grace-circleci-builder/circleci/circleci.go:744.17,746.4 1 0
github.com/GSA/grace-circleci-builder/circleci/circleci.go:749.16,751.3 1 0
